Build started 9/30/2011 8:26:02 PM.
     1>Project "C:\Users\Craig\Desktop\dx11tut38\Engine\Engine\Engine.vcxproj" on node 2 (build target(s)).
     1>InitializeBuildStatus:
         Creating "Debug\Engine.unsuccessfulbuild" because "AlwaysCreate" was specified.
       ClCompile:
         c:\Program Files (x86)\Microsoft Visual Studio 10.0\VC\bin\CL.exe /c /ZI /nologo /W3 /WX- /Od /Oy- /D WIN32 /D _DEBUG /D _WINDOWS /D _UNICODE /D UNICODE /Gm /EHsc /RTC1 /MDd /GS /fp:precise /Zc:wchar_t /Zc:forScope /Fo"Debug\\" /Fd"Debug\vc100.pdb" /Gd /TP /analyze- /errorReport:prompt cameraclass.cpp colorshaderclass.cpp d3dclass.cpp graphicsclass.cpp inputclass.cpp main.cpp modelclass.cpp systemclass.cpp
         systemclass.cpp
         modelclass.cpp
         main.cpp
         inputclass.cpp
         graphicsclass.cpp
         d3dclass.cpp
         colorshaderclass.cpp
         cameraclass.cpp
         Generating Code...
       ManifestResourceCompile:
         C:\Program Files (x86)\Microsoft SDKs\Windows\v7.0A\bin\rc.exe /nologo /fo"Debug\Engine.exe.embed.manifest.res" Debug\Engine_manifest.rc 
       Link:
         c:\Program Files (x86)\Microsoft Visual Studio 10.0\VC\bin\link.exe /ERRORREPORT:PROMPT /OUT:"C:\Users\Craig\Desktop\dx11tut38\Engine\Debug\Engine.exe" /INCREMENTAL /NOLOGO kernel32.lib user32.lib gdi32.lib winspool.lib comdlg32.lib advapi32.lib shell32.lib ole32.lib oleaut32.lib uuid.lib odbc32.lib odbccp32.lib /MANIFEST /ManifestFile:"Debug\Engine.exe.intermediate.manifest" /MANIFESTUAC:"level='asInvoker' uiAccess='false'" /DEBUG /PDB:"C:\Users\Craig\Desktop\dx11tut38\Engine\Debug\Engine.pdb" /SUBSYSTEM:WINDOWS /TLBID:1 /DYNAMICBASE /NXCOMPAT /IMPLIB:"C:\Users\Craig\Desktop\dx11tut38\Engine\Debug\Engine.lib" /MACHINE:X86 Debug\Engine.exe.embed.manifest.res
         Debug\cameraclass.obj
         Debug\colorshaderclass.obj
         Debug\d3dclass.obj
         Debug\graphicsclass.obj
         Debug\inputclass.obj
         Debug\main.obj
         Debug\modelclass.obj
         Debug\systemclass.obj
       Manifest:
         C:\Program Files (x86)\Microsoft SDKs\Windows\v7.0A\bin\mt.exe /nologo /verbose /out:"Debug\Engine.exe.embed.manifest" /manifest Debug\Engine.exe.intermediate.manifest
         C:\Program Files (x86)\Microsoft SDKs\Windows\v7.0A\bin\rc.exe /nologo /fo"Debug\Engine.exe.embed.manifest.res" Debug\Engine_manifest.rc 
       LinkEmbedManifest:
         c:\Program Files (x86)\Microsoft Visual Studio 10.0\VC\bin\link.exe /ERRORREPORT:PROMPT /OUT:"C:\Users\Craig\Desktop\dx11tut38\Engine\Debug\Engine.exe" /INCREMENTAL /NOLOGO kernel32.lib user32.lib gdi32.lib winspool.lib comdlg32.lib advapi32.lib shell32.lib ole32.lib oleaut32.lib uuid.lib odbc32.lib odbccp32.lib /MANIFEST /ManifestFile:"Debug\Engine.exe.intermediate.manifest" /MANIFESTUAC:"level='asInvoker' uiAccess='false'" /DEBUG /PDB:"C:\Users\Craig\Desktop\dx11tut38\Engine\Debug\Engine.pdb" /SUBSYSTEM:WINDOWS /TLBID:1 /DYNAMICBASE /NXCOMPAT /IMPLIB:"C:\Users\Craig\Desktop\dx11tut38\Engine\Debug\Engine.lib" /MACHINE:X86 Debug\Engine.exe.embed.manifest.res
         Debug\cameraclass.obj
         Debug\colorshaderclass.obj
         Debug\d3dclass.obj
         Debug\graphicsclass.obj
         Debug\inputclass.obj
         Debug\main.obj
         Debug\modelclass.obj
         Debug\systemclass.obj
         Engine.vcxproj -> C:\Users\Craig\Desktop\dx11tut38\Engine\Debug\Engine.exe
       FinalizeBuildStatus:
         Deleting file "Debug\Engine.unsuccessfulbuild".
         Touching "Debug\Engine.lastbuildstate".
     1>Done Building Project "C:\Users\Craig\Desktop\dx11tut38\Engine\Engine\Engine.vcxproj" (build target(s)).

Build succeeded.

Time Elapsed 00:00:07.36
