Build started 8/25/2011 9:54:00 AM.
     1>Project "C:\Users\Craig\Desktop\tertut04\Engine\Engine\Engine.vcxproj" on node 2 (build target(s)).
     1>InitializeBuildStatus:
         Creating "Debug\Engine.unsuccessfulbuild" because "AlwaysCreate" was specified.
       ClCompile:
         All outputs are up-to-date.
       ManifestResourceCompile:
         All outputs are up-to-date.
       Link:
         c:\Program Files (x86)\Microsoft Visual Studio 10.0\VC\bin\link.exe /ERRORREPORT:PROMPT /OUT:"C:\Users\Craig\Desktop\tertut04\Engine\Debug\Engine.exe" /INCREMENTAL /NOLOGO kernel32.lib user32.lib gdi32.lib winspool.lib comdlg32.lib advapi32.lib shell32.lib ole32.lib oleaut32.lib uuid.lib odbc32.lib odbccp32.lib /MANIFEST /ManifestFile:"Debug\Engine.exe.intermediate.manifest" /MANIFESTUAC:"level='asInvoker' uiAccess='false'" /DEBUG /PDB:"C:\Users\Craig\Desktop\tertut04\Engine\Debug\Engine.pdb" /SUBSYSTEM:WINDOWS /TLBID:1 /DYNAMICBASE /NXCOMPAT /IMPLIB:"C:\Users\Craig\Desktop\tertut04\Engine\Debug\Engine.lib" /MACHINE:X86 Debug\Engine.exe.embed.manifest.res
         Debug\applicationclass.obj
         Debug\cameraclass.obj
         Debug\cpuclass.obj
         Debug\d3dclass.obj
         Debug\fontclass.obj
         Debug\fontshaderclass.obj
         Debug\fpsclass.obj
         Debug\inputclass.obj
         Debug\lightclass.obj
         Debug\main.obj
         Debug\positionclass.obj
         Debug\systemclass.obj
         Debug\terrainclass.obj
         Debug\terrainshaderclass.obj
         Debug\textclass.obj
         Debug\textureclass.obj
         Debug\timerclass.obj
         LINK : program database C:\Users\Craig\Desktop\tertut04\Engine\Debug\Engine.pdb missing; performing full link
       Manifest:
         C:\Program Files (x86)\Microsoft SDKs\Windows\v7.0A\bin\mt.exe /nologo /verbose /out:"Debug\Engine.exe.embed.manifest" /manifest Debug\Engine.exe.intermediate.manifest
         All outputs are up-to-date.
       LinkEmbedManifest:
         All outputs are up-to-date.
         Engine.vcxproj -> C:\Users\Craig\Desktop\tertut04\Engine\Debug\Engine.exe
       FinalizeBuildStatus:
         Deleting file "Debug\Engine.unsuccessfulbuild".
         Touching "Debug\Engine.lastbuildstate".
     1>Done Building Project "C:\Users\Craig\Desktop\tertut04\Engine\Engine\Engine.vcxproj" (build target(s)).

Build succeeded.

Time Elapsed 00:00:00.49
