C:\USERS\CRAIG\DESKTOP\DX11TUT39\ENGINE\DEBUG\ENGINE.EXE
C:\USERS\CRAIG\DESKTOP\DX11TUT39\ENGINE\DEBUG\ENGINE.ILK
C:\USERS\CRAIG\DESKTOP\DX11TUT39\ENGINE\DEBUG\ENGINE.PDB
C:\USERS\CRAIG\DESKTOP\DX11TUT39\ENGINE\ENGINE\DEBUG\CAMERACLASS.OBJ
C:\Users\Craig\Desktop\dx11tut39\Engine\Engine\Debug\cl.command.1.tlog
C:\Users\Craig\Desktop\dx11tut39\Engine\Engine\Debug\CL.read.1.tlog
C:\Users\Craig\Desktop\dx11tut39\Engine\Engine\Debug\CL.write.1.tlog
C:\USERS\CRAIG\DESKTOP\DX11TUT39\ENGINE\ENGINE\DEBUG\D3DCLASS.OBJ
C:\USERS\CRAIG\DESKTOP\DX11TUT39\ENGINE\ENGINE\DEBUG\ENGINE.EXE.EMBED.MANIFEST
C:\USERS\CRAIG\DESKTOP\DX11TUT39\ENGINE\ENGINE\DEBUG\ENGINE.EXE.EMBED.MANIFEST.RES
C:\USERS\CRAIG\DESKTOP\DX11TUT39\ENGINE\ENGINE\DEBUG\ENGINE.EXE.INTERMEDIATE.MANIFEST
C:\Users\Craig\Desktop\dx11tut39\Engine\Engine\Debug\Engine_manifest.rc
C:\USERS\CRAIG\DESKTOP\DX11TUT39\ENGINE\ENGINE\DEBUG\GRAPHICSCLASS.OBJ
C:\USERS\CRAIG\DESKTOP\DX11TUT39\ENGINE\ENGINE\DEBUG\INPUTCLASS.OBJ
C:\Users\Craig\Desktop\dx11tut39\Engine\Engine\Debug\link.4516.read.1.tlog
C:\Users\Craig\Desktop\dx11tut39\Engine\Engine\Debug\link.4516.write.1.tlog
C:\Users\Craig\Desktop\dx11tut39\Engine\Engine\Debug\link.4516-cvtres.read.1.tlog
C:\Users\Craig\Desktop\dx11tut39\Engine\Engine\Debug\link.4516-cvtres.write.1.tlog
C:\Users\Craig\Desktop\dx11tut39\Engine\Engine\Debug\link.6512.read.1.tlog
C:\Users\Craig\Desktop\dx11tut39\Engine\Engine\Debug\link.6512.write.1.tlog
C:\Users\Craig\Desktop\dx11tut39\Engine\Engine\Debug\link.6512-cvtres.read.1.tlog
C:\Users\Craig\Desktop\dx11tut39\Engine\Engine\Debug\link.6512-cvtres.write.1.tlog
C:\Users\Craig\Desktop\dx11tut39\Engine\Engine\Debug\link.command.1.tlog
C:\Users\Craig\Desktop\dx11tut39\Engine\Engine\Debug\link.read.1.tlog
C:\Users\Craig\Desktop\dx11tut39\Engine\Engine\Debug\link.write.1.tlog
C:\Users\Craig\Desktop\dx11tut39\Engine\Engine\Debug\link-cvtres.read.1.tlog
C:\Users\Craig\Desktop\dx11tut39\Engine\Engine\Debug\link-cvtres.write.1.tlog
C:\USERS\CRAIG\DESKTOP\DX11TUT39\ENGINE\ENGINE\DEBUG\MAIN.OBJ
C:\USERS\CRAIG\DESKTOP\DX11TUT39\ENGINE\ENGINE\DEBUG\MODELCLASS.OBJ
C:\Users\Craig\Desktop\dx11tut39\Engine\Engine\Debug\mt.command.1.tlog
C:\Users\Craig\Desktop\dx11tut39\Engine\Engine\Debug\mt.read.1.tlog
C:\Users\Craig\Desktop\dx11tut39\Engine\Engine\Debug\mt.write.1.tlog
C:\USERS\CRAIG\DESKTOP\DX11TUT39\ENGINE\ENGINE\DEBUG\PARTICLESHADERCLASS.OBJ
C:\USERS\CRAIG\DESKTOP\DX11TUT39\ENGINE\ENGINE\DEBUG\PARTICLESYSTEMCLASS.OBJ
C:\Users\Craig\Desktop\dx11tut39\Engine\Engine\Debug\rc.command.1.tlog
C:\Users\Craig\Desktop\dx11tut39\Engine\Engine\Debug\rc.read.1.tlog
C:\Users\Craig\Desktop\dx11tut39\Engine\Engine\Debug\rc.write.1.tlog
C:\USERS\CRAIG\DESKTOP\DX11TUT39\ENGINE\ENGINE\DEBUG\SYSTEMCLASS.OBJ
C:\USERS\CRAIG\DESKTOP\DX11TUT39\ENGINE\ENGINE\DEBUG\TEXTURECLASS.OBJ
C:\USERS\CRAIG\DESKTOP\DX11TUT39\ENGINE\ENGINE\DEBUG\TIMERCLASS.OBJ
C:\Users\Craig\Desktop\dx11tut39\Engine\Engine\Debug\vc100.idb
C:\USERS\CRAIG\DESKTOP\DX11TUT39\ENGINE\ENGINE\DEBUG\VC100.PDB
