C:\USERS\CRAIG\DESKTOP\DX11TUT08\ENGINE\DEBUG\ENGINE.EXE
C:\USERS\CRAIG\DESKTOP\DX11TUT08\ENGINE\DEBUG\ENGINE.ILK
C:\USERS\CRAIG\DESKTOP\DX11TUT08\ENGINE\DEBUG\ENGINE.PDB
C:\USERS\CRAIG\DESKTOP\DX11TUT08\ENGINE\ENGINE\DEBUG\ENGINE.EXE.EMBED.MANIFEST
C:\USERS\CRAIG\DESKTOP\DX11TUT08\ENGINE\ENGINE\DEBUG\ENGINE.EXE.EMBED.MANIFEST.RES
C:\USERS\CRAIG\DESKTOP\DX11TUT08\ENGINE\ENGINE\DEBUG\ENGINE.EXE.INTERMEDIATE.MANIFEST
C:\USERS\CRAIG\DESKTOP\DX11TUT08\ENGINE\ENGINE\DEBUG\MAIN.OBJ
C:\USERS\CRAIG\DESKTOP\DX11TUT08\ENGINE\ENGINE\DEBUG\VC100.PDB
C:\Users\Craig\Desktop\Programming\Tutorials\Complete\DX11\dx11tut08\Engine\Debug\Engine.exe
C:\Users\Craig\Desktop\Programming\Tutorials\Complete\DX11\dx11tut08\Engine\Debug\Engine.ilk
C:\Users\Craig\Desktop\Programming\Tutorials\Complete\DX11\dx11tut08\Engine\Debug\Engine.pdb
C:\Users\Craig\Desktop\Programming\Tutorials\Complete\DX11\dx11tut08\Engine\Engine\Debug\cl.command.1.tlog
C:\Users\Craig\Desktop\Programming\Tutorials\Complete\DX11\dx11tut08\Engine\Engine\Debug\CL.read.1.tlog
C:\Users\Craig\Desktop\Programming\Tutorials\Complete\DX11\dx11tut08\Engine\Engine\Debug\CL.write.1.tlog
C:\Users\Craig\Desktop\Programming\Tutorials\Complete\DX11\dx11tut08\Engine\Engine\Debug\Engine.exe.embed.manifest
C:\Users\Craig\Desktop\Programming\Tutorials\Complete\DX11\dx11tut08\Engine\Engine\Debug\Engine.exe.embed.manifest.res
C:\Users\Craig\Desktop\Programming\Tutorials\Complete\DX11\dx11tut08\Engine\Engine\Debug\Engine.exe.intermediate.manifest
C:\Users\Craig\Desktop\Programming\Tutorials\Complete\DX11\dx11tut08\Engine\Engine\Debug\Engine_manifest.rc
C:\Users\Craig\Desktop\Programming\Tutorials\Complete\DX11\dx11tut08\Engine\Engine\Debug\link.4824.read.1.tlog
C:\Users\Craig\Desktop\Programming\Tutorials\Complete\DX11\dx11tut08\Engine\Engine\Debug\link.4824.write.1.tlog
C:\Users\Craig\Desktop\Programming\Tutorials\Complete\DX11\dx11tut08\Engine\Engine\Debug\link.4824-cvtres.read.1.tlog
C:\Users\Craig\Desktop\Programming\Tutorials\Complete\DX11\dx11tut08\Engine\Engine\Debug\link.4824-cvtres.write.1.tlog
C:\Users\Craig\Desktop\Programming\Tutorials\Complete\DX11\dx11tut08\Engine\Engine\Debug\link.command.1.tlog
C:\Users\Craig\Desktop\Programming\Tutorials\Complete\DX11\dx11tut08\Engine\Engine\Debug\link.read.1.tlog
C:\Users\Craig\Desktop\Programming\Tutorials\Complete\DX11\dx11tut08\Engine\Engine\Debug\link.write.1.tlog
C:\Users\Craig\Desktop\Programming\Tutorials\Complete\DX11\dx11tut08\Engine\Engine\Debug\link-cvtres.read.1.tlog
C:\Users\Craig\Desktop\Programming\Tutorials\Complete\DX11\dx11tut08\Engine\Engine\Debug\link-cvtres.write.1.tlog
C:\Users\Craig\Desktop\Programming\Tutorials\Complete\DX11\dx11tut08\Engine\Engine\Debug\main.obj
C:\Users\Craig\Desktop\Programming\Tutorials\Complete\DX11\dx11tut08\Engine\Engine\Debug\mt.command.1.tlog
C:\Users\Craig\Desktop\Programming\Tutorials\Complete\DX11\dx11tut08\Engine\Engine\Debug\mt.read.1.tlog
C:\Users\Craig\Desktop\Programming\Tutorials\Complete\DX11\dx11tut08\Engine\Engine\Debug\mt.write.1.tlog
C:\Users\Craig\Desktop\Programming\Tutorials\Complete\DX11\dx11tut08\Engine\Engine\Debug\rc.command.1.tlog
C:\Users\Craig\Desktop\Programming\Tutorials\Complete\DX11\dx11tut08\Engine\Engine\Debug\rc.read.1.tlog
C:\Users\Craig\Desktop\Programming\Tutorials\Complete\DX11\dx11tut08\Engine\Engine\Debug\rc.write.1.tlog
C:\Users\Craig\Desktop\Programming\Tutorials\Complete\DX11\dx11tut08\Engine\Engine\Debug\vc100.idb
C:\Users\Craig\Desktop\Programming\Tutorials\Complete\DX11\dx11tut08\Engine\Engine\Debug\vc100.pdb
