Build started 4/20/2011 6:55:34 PM.
     1>Project "C:\Users\Craig\Desktop\Programming\Tutorials\Complete\DX11\dx11tut08\Engine\Engine\Engine.vcxproj" on node 2 (rebuild target(s)).
     1>_PrepareForClean:
         Deleting file "Debug\Engine.lastbuildstate".
       InitializeBuildStatus:
         Creating "Debug\Engine.unsuccessfulbuild" because "AlwaysCreate" was specified.
       ClCompile:
         C:\Program Files (x86)\Microsoft Visual Studio 10.0\VC\bin\CL.exe /c /ZI /nologo /W3 /WX- /Od /Oy- /D WIN32 /D _DEBUG /D _CONSOLE /D _UNICODE /D UNICODE /Gm /EHsc /RTC1 /MDd /GS /fp:precise /Zc:wchar_t /Zc:forScope /Fo"Debug\\" /Fd"Debug\vc100.pdb" /Gd /TP /analyze- /errorReport:prompt main.cpp
         main.cpp
       ManifestResourceCompile:
         C:\Program Files (x86)\Microsoft SDKs\Windows\v7.0A\bin\rc.exe /nologo /fo"Debug\Engine.exe.embed.manifest.res" Debug\Engine_manifest.rc 
       Link:
         C:\Program Files (x86)\Microsoft Visual Studio 10.0\VC\bin\link.exe /ERRORREPORT:PROMPT /OUT:"C:\Users\Craig\Desktop\Programming\Tutorials\Complete\DX11\dx11tut08\Engine\Debug\Engine.exe" /INCREMENTAL /NOLOGO kernel32.lib user32.lib gdi32.lib winspool.lib comdlg32.lib advapi32.lib shell32.lib ole32.lib oleaut32.lib uuid.lib odbc32.lib odbccp32.lib /MANIFEST /ManifestFile:"Debug\Engine.exe.intermediate.manifest" /MANIFESTUAC:"level='asInvoker' uiAccess='false'" /DEBUG /PDB:"C:\Users\Craig\Desktop\Programming\Tutorials\Complete\DX11\dx11tut08\Engine\Debug\Engine.pdb" /SUBSYSTEM:CONSOLE /TLBID:1 /DYNAMICBASE /NXCOMPAT /IMPLIB:"C:\Users\Craig\Desktop\Programming\Tutorials\Complete\DX11\dx11tut08\Engine\Debug\Engine.lib" /MACHINE:X86 Debug\Engine.exe.embed.manifest.res
         Debug\main.obj
       Manifest:
         Deleting file "Debug\Engine.exe.embed.manifest".
         C:\Program Files (x86)\Microsoft SDKs\Windows\v7.0A\bin\mt.exe /nologo /verbose /out:"Debug\Engine.exe.embed.manifest" /manifest Debug\Engine.exe.intermediate.manifest
         C:\Program Files (x86)\Microsoft SDKs\Windows\v7.0A\bin\rc.exe /nologo /fo"Debug\Engine.exe.embed.manifest.res" Debug\Engine_manifest.rc 
       LinkEmbedManifest:
         C:\Program Files (x86)\Microsoft Visual Studio 10.0\VC\bin\link.exe /ERRORREPORT:PROMPT /OUT:"C:\Users\Craig\Desktop\Programming\Tutorials\Complete\DX11\dx11tut08\Engine\Debug\Engine.exe" /INCREMENTAL /NOLOGO kernel32.lib user32.lib gdi32.lib winspool.lib comdlg32.lib advapi32.lib shell32.lib ole32.lib oleaut32.lib uuid.lib odbc32.lib odbccp32.lib /MANIFEST /ManifestFile:"Debug\Engine.exe.intermediate.manifest" /MANIFESTUAC:"level='asInvoker' uiAccess='false'" /DEBUG /PDB:"C:\Users\Craig\Desktop\Programming\Tutorials\Complete\DX11\dx11tut08\Engine\Debug\Engine.pdb" /SUBSYSTEM:CONSOLE /TLBID:1 /DYNAMICBASE /NXCOMPAT /IMPLIB:"C:\Users\Craig\Desktop\Programming\Tutorials\Complete\DX11\dx11tut08\Engine\Debug\Engine.lib" /MACHINE:X86 Debug\Engine.exe.embed.manifest.res
         Debug\main.obj
         Engine.vcxproj -> C:\Users\Craig\Desktop\Programming\Tutorials\Complete\DX11\dx11tut08\Engine\Debug\Engine.exe
       FinalizeBuildStatus:
         Deleting file "Debug\Engine.unsuccessfulbuild".
         Touching "Debug\Engine.lastbuildstate".
     1>Done Building Project "C:\Users\Craig\Desktop\Programming\Tutorials\Complete\DX11\dx11tut08\Engine\Engine\Engine.vcxproj" (rebuild target(s)).

Build succeeded.

Time Elapsed 00:00:01.54
