C:\Users\Craig\Desktop\dx11tut07\Engine\Engine\Debug\cl.command.1.tlog
C:\Users\Craig\Desktop\dx11tut07\Engine\Engine\Debug\CL.read.1.tlog
C:\Users\Craig\Desktop\dx11tut07\Engine\Engine\Debug\CL.write.1.tlog
C:\Users\Craig\Desktop\dx11tut07\Engine\Engine\Debug\Engine_manifest.rc
C:\Users\Craig\Desktop\dx11tut07\Engine\Engine\Debug\link.1784.read.1.tlog
C:\Users\Craig\Desktop\dx11tut07\Engine\Engine\Debug\link.1784.write.1.tlog
C:\Users\Craig\Desktop\dx11tut07\Engine\Engine\Debug\link.1784-cvtres.read.1.tlog
C:\Users\Craig\Desktop\dx11tut07\Engine\Engine\Debug\link.1784-cvtres.write.1.tlog
C:\Users\Craig\Desktop\dx11tut07\Engine\Engine\Debug\link.command.1.tlog
C:\Users\Craig\Desktop\dx11tut07\Engine\Engine\Debug\link.read.1.tlog
C:\Users\Craig\Desktop\dx11tut07\Engine\Engine\Debug\link.write.1.tlog
C:\Users\Craig\Desktop\dx11tut07\Engine\Engine\Debug\link-cvtres.read.1.tlog
C:\Users\Craig\Desktop\dx11tut07\Engine\Engine\Debug\link-cvtres.write.1.tlog
C:\Users\Craig\Desktop\dx11tut07\Engine\Engine\Debug\mt.command.1.tlog
C:\Users\Craig\Desktop\dx11tut07\Engine\Engine\Debug\mt.read.1.tlog
C:\Users\Craig\Desktop\dx11tut07\Engine\Engine\Debug\mt.write.1.tlog
C:\Users\Craig\Desktop\dx11tut07\Engine\Engine\Debug\rc.command.1.tlog
C:\Users\Craig\Desktop\dx11tut07\Engine\Engine\Debug\rc.read.1.tlog
C:\Users\Craig\Desktop\dx11tut07\Engine\Engine\Debug\rc.write.1.tlog
C:\Users\Craig\Desktop\dx11tut07\Engine\Engine\Debug\vc100.idb
C:\USERS\CRAIG\DESKTOP\PROGRAMMING\TUTORIALS\COMPLETE\DX11\DX11TUT07\ENGINE\DEBUG\ENGINE.EXE
C:\USERS\CRAIG\DESKTOP\PROGRAMMING\TUTORIALS\COMPLETE\DX11\DX11TUT07\ENGINE\DEBUG\ENGINE.ILK
C:\USERS\CRAIG\DESKTOP\PROGRAMMING\TUTORIALS\COMPLETE\DX11\DX11TUT07\ENGINE\DEBUG\ENGINE.PDB
C:\USERS\CRAIG\DESKTOP\PROGRAMMING\TUTORIALS\COMPLETE\DX11\DX11TUT07\ENGINE\ENGINE\DEBUG\CAMERACLASS.OBJ
C:\USERS\CRAIG\DESKTOP\PROGRAMMING\TUTORIALS\COMPLETE\DX11\DX11TUT07\ENGINE\ENGINE\DEBUG\D3DCLASS.OBJ
C:\USERS\CRAIG\DESKTOP\PROGRAMMING\TUTORIALS\COMPLETE\DX11\DX11TUT07\ENGINE\ENGINE\DEBUG\ENGINE.EXE.EMBED.MANIFEST
C:\USERS\CRAIG\DESKTOP\PROGRAMMING\TUTORIALS\COMPLETE\DX11\DX11TUT07\ENGINE\ENGINE\DEBUG\ENGINE.EXE.EMBED.MANIFEST.RES
C:\USERS\CRAIG\DESKTOP\PROGRAMMING\TUTORIALS\COMPLETE\DX11\DX11TUT07\ENGINE\ENGINE\DEBUG\ENGINE.EXE.INTERMEDIATE.MANIFEST
C:\USERS\CRAIG\DESKTOP\PROGRAMMING\TUTORIALS\COMPLETE\DX11\DX11TUT07\ENGINE\ENGINE\DEBUG\GRAPHICSCLASS.OBJ
C:\USERS\CRAIG\DESKTOP\PROGRAMMING\TUTORIALS\COMPLETE\DX11\DX11TUT07\ENGINE\ENGINE\DEBUG\INPUTCLASS.OBJ
C:\USERS\CRAIG\DESKTOP\PROGRAMMING\TUTORIALS\COMPLETE\DX11\DX11TUT07\ENGINE\ENGINE\DEBUG\LIGHTCLASS.OBJ
C:\USERS\CRAIG\DESKTOP\PROGRAMMING\TUTORIALS\COMPLETE\DX11\DX11TUT07\ENGINE\ENGINE\DEBUG\LIGHTSHADERCLASS.OBJ
C:\USERS\CRAIG\DESKTOP\PROGRAMMING\TUTORIALS\COMPLETE\DX11\DX11TUT07\ENGINE\ENGINE\DEBUG\MAIN.OBJ
C:\USERS\CRAIG\DESKTOP\PROGRAMMING\TUTORIALS\COMPLETE\DX11\DX11TUT07\ENGINE\ENGINE\DEBUG\MODELCLASS.OBJ
C:\USERS\CRAIG\DESKTOP\PROGRAMMING\TUTORIALS\COMPLETE\DX11\DX11TUT07\ENGINE\ENGINE\DEBUG\SYSTEMCLASS.OBJ
C:\USERS\CRAIG\DESKTOP\PROGRAMMING\TUTORIALS\COMPLETE\DX11\DX11TUT07\ENGINE\ENGINE\DEBUG\TEXTURECLASS.OBJ
C:\USERS\CRAIG\DESKTOP\PROGRAMMING\TUTORIALS\COMPLETE\DX11\DX11TUT07\ENGINE\ENGINE\DEBUG\VC100.PDB
